<?xml version="1.0" encoding="UTF-8"?>
<!-- Generated by org.testng.reporters.JUnitXMLReporter -->
<testsuite ignored="9" hostname="DESKTOP-TAER96M" failures="0" tests="3" name="Test" time="163.467" errors="0" timestamp="2025-12-26T17:09:31 IST">
  <testcase classname="crm_Product_Test.All_Product_TestNG_Test" name="createOrgAndProductAddToInvoice" time="52.423"/>
  <testcase classname="crm_ContactTest.All_Contact_testNG_Test" name="contactWithOrg" time="33.863"/>
  <testcase classname="crm_Lead_Test.Lead_To_Contact_testNG_Test" name="leadConvertToContact_Test" time="47.649"/>
  <testcase classname="crm_Generic_baseUtility.BaseClass" name="@AfterSuite afterSuite" time="0.0">
    <ignored/>
  </testcase> <!-- @AfterSuite afterSuite -->
  <testcase classname="crm_Generic_baseUtility.BaseClass" name="@AfterSuite afterSuite" time="0.0">
    <ignored/>
  </testcase> <!-- @AfterSuite afterSuite -->
  <testcase classname="crm_ContactTest.All_Contact_testNG_Test" name="createContactAndAddTroubleTicket_Test" time="0.0">
    <ignored/>
  </testcase> <!-- createContactAndAddTroubleTicket_Test -->
  <testcase classname="crm_Product_Test.All_Product_TestNG_Test" name="covert_product_to_Quote" time="0.0">
    <ignored/>
  </testcase> <!-- covert_product_to_Quote -->
  <testcase classname="crm_ContactTest.All_Contact_testNG_Test" name="createContact" time="0.0">
    <ignored/>
  </testcase> <!-- createContact -->
  <testcase classname="crm_Generic_baseUtility.BaseClass" name="@BeforeSuite beforeSuite" time="0.0">
    <ignored/>
  </testcase> <!-- @BeforeSuite beforeSuite -->
  <testcase classname="crm_Generic_baseUtility.BaseClass" name="@BeforeSuite beforeSuite" time="0.0">
    <ignored/>
  </testcase> <!-- @BeforeSuite beforeSuite -->
  <testcase classname="crm_ContactTest.All_Contact_testNG_Test" name="createContactWithDate" time="0.0">
    <ignored/>
  </testcase> <!-- createContactWithDate -->
  <testcase classname="crm_Product_Test.All_Product_TestNG_Test" name="ProductToSalesOrder" time="0.0">
    <ignored/>
  </testcase> <!-- ProductToSalesOrder -->
</testsuite> <!-- Test -->
