<?xml version="1.0" encoding="UTF-8"?>
<!-- Generated by org.testng.reporters.JUnitXMLReporter -->
<testsuite ignored="1" hostname="DESKTOP-TAER96M" failures="0" tests="2" name="Test" time="111.983" errors="0" timestamp="2025-12-27T11:23:48 IST">
  <testcase classname="crm_Product_Test.All_Product_TestNG_Test" name="ProductToSalesOrder" time="48.673"/>
  <testcase classname="crm_Product_Test.All_Product_TestNG_Test" name="covert_product_to_Quote" time="46.219"/>
  <testcase classname="crm_Product_Test.All_Product_TestNG_Test" name="createOrgAndProductAddToInvoice" time="0.0">
    <ignored/>
  </testcase> <!-- createOrgAndProductAddToInvoice -->
</testsuite> <!-- Test -->
