<?xml version="1.0" encoding="UTF-8"?>
<!-- Generated by org.testng.reporters.JUnitReportReporter -->
<testsuite hostname="DESKTOP-TAER96M" failures="0" tests="3" name="crm_ContactTest.All_Contact_Test" time="71.025" errors="0" timestamp="2025-12-02T11:01:38 IST" skipped="0">
  <testcase classname="crm_ContactTest.All_Contact_Test" name="contactWithOrg" time="37.835"/>
  <system-out/>
  <testcase classname="crm_ContactTest.All_Contact_Test" name="createContactWithContact" time="18.272"/>
  <system-out/>
  <testcase classname="crm_ContactTest.All_Contact_Test" name="createContact" time="14.918"/>
  <system-out/>
</testsuite> <!-- crm_ContactTest.All_Contact_Test -->
