<?xml version="1.0" encoding="UTF-8"?>
<!-- Generated by org.testng.reporters.JUnitReportReporter -->
<testsuite hostname="DESKTOP-TAER96M" failures="0" tests="2" name="helpingPackageWithPractice.AnnotationPractice" time="0.013" errors="0" timestamp="2025-12-16T10:54:49 IST" skipped="0">
  <testcase classname="helpingPackageWithPractice.AnnotationPractice" name="anno" time="0.010"/>
  <system-out/>
  <testcase classname="helpingPackageWithPractice.AnnotationPractice" name="annoo" time="0.003"/>
  <system-out/>
</testsuite> <!-- helpingPackageWithPractice.AnnotationPractice -->
