<?xml version="1.0" encoding="UTF-8"?>
<!-- Generated by org.testng.reporters.JUnitReportReporter -->
<testsuite hostname="DESKTOP-TAER96M" failures="0" tests="1" name="helpingPackageWithPractice.Tc01_compareTCAndFetchData" time="0.825" errors="0" timestamp="2025-12-12T17:49:52 IST" skipped="0">
  <testcase classname="helpingPackageWithPractice.Tc01_compareTCAndFetchData" name="toFetchDataFromExcel" time="0.825"/>
  <system-out/>
</testsuite> <!-- helpingPackageWithPractice.Tc01_compareTCAndFetchData -->
