<?xml version="1.0" encoding="UTF-8"?>
<!-- Generated by org.testng.reporters.JUnitReportReporter -->
<testsuite hostname="DESKTOP-TAER96M" failures="0" tests="4" name="helpingPackageWithPractice.GetProductInfo" time="74.394" errors="0" timestamp="2025-12-05T15:44:54 IST" skipped="0">
  <testcase classname="helpingPackageWithPractice.GetProductInfo" name="getProductInfo" time="17.543"/>
  <system-out/>
  <testcase classname="helpingPackageWithPractice.GetProductInfo" name="getProductInfo" time="27.444"/>
  <system-out/>
  <testcase classname="helpingPackageWithPractice.GetProductInfo" name="getProductInfo" time="14.566"/>
  <system-out/>
  <testcase classname="helpingPackageWithPractice.GetProductInfo" name="getProductInfo" time="14.841"/>
  <system-out/>
</testsuite> <!-- helpingPackageWithPractice.GetProductInfo -->
