<?xml version="1.0" encoding="UTF-8"?>
<!-- Generated by org.testng.reporters.JUnitReportReporter -->
<testsuite hostname="DESKTOP-TAER96M" failures="0" tests="3" name="crm_OrganizationTest.All_Org_testNG_Test" time="81.844" errors="0" timestamp="2025-12-04T13:08:19 IST" skipped="0">
  <testcase classname="crm_OrganizationTest.All_Org_testNG_Test" name="createOrgWithIndAndType" time="27.197"/>
  <system-out/>
  <testcase classname="crm_OrganizationTest.All_Org_testNG_Test" name="createOrgWithPhoneNo" time="27.206"/>
  <system-out/>
  <testcase classname="crm_OrganizationTest.All_Org_testNG_Test" name="create_org" time="27.441"/>
  <system-out/>
</testsuite> <!-- crm_OrganizationTest.All_Org_testNG_Test -->
