<?xml version="1.0" encoding="UTF-8"?>
<testng-results ignored="9" total="12" passed="3" failed="0" skipped="0">
  <reporter-output>
  </reporter-output>
  <suite started-at="2025-12-26T17:06:48 IST" name="Suite" finished-at="2025-12-26T17:09:31 IST" duration-ms="163467">
    <groups>
      <group name="regression">
        <method signature="All_Product_TestNG_Test.createOrgAndProductAddToInvoice()[pri:0, instance:crm_Product_Test.All_Product_TestNG_Test@41e36e46]" name="createOrgAndProductAddToInvoice" class="crm_Product_Test.All_Product_TestNG_Test"/>
      </group> <!-- regression -->
      <group name="smoke">
        <method signature="All_Contact_testNG_Test.contactWithOrg()[pri:0, instance:crm_ContactTest.All_Contact_testNG_Test@31c88ec8]" name="contactWithOrg" class="crm_ContactTest.All_Contact_testNG_Test"/>
        <method signature="Lead_To_Contact_testNG_Test.leadConvertToContact_Test()[pri:0, instance:crm_Lead_Test.Lead_To_Contact_testNG_Test@1cbbffcd]" name="leadConvertToContact_Test" class="crm_Lead_Test.Lead_To_Contact_testNG_Test"/>
      </group> <!-- smoke -->
    </groups>
    <test started-at="2025-12-26T17:06:48 IST" name="Test" finished-at="2025-12-26T17:09:31 IST" duration-ms="163467">
      <class name="crm_Product_Test.All_Product_TestNG_Test">
        <test-method is-config="true" signature="beforeSuite()[pri:0, instance:crm_Product_Test.All_Product_TestNG_Test@41e36e46]" started-at="2025-12-26T17:06:47 IST" name="beforeSuite" finished-at="2025-12-26T17:06:48 IST" duration-ms="1192" status="PASS">
          <reporter-output>
          </reporter-output>
        </test-method> <!-- beforeSuite -->
        <test-method is-config="true" signature="beforeClass()[pri:0, instance:crm_Product_Test.All_Product_TestNG_Test@41e36e46]" started-at="2025-12-26T17:06:48 IST" name="beforeClass" finished-at="2025-12-26T17:06:50 IST" duration-ms="2472" status="PASS">
          <reporter-output>
          </reporter-output>
        </test-method> <!-- beforeClass -->
        <test-method is-config="true" signature="beforeMethod()[pri:0, instance:crm_Product_Test.All_Product_TestNG_Test@41e36e46]" started-at="2025-12-26T17:06:50 IST" name="beforeMethod" finished-at="2025-12-26T17:06:57 IST" duration-ms="6569" status="PASS">
          <reporter-output>
          </reporter-output>
        </test-method> <!-- beforeMethod -->
        <test-method signature="createOrgAndProductAddToInvoice()[pri:0, instance:crm_Product_Test.All_Product_TestNG_Test@41e36e46]" started-at="2025-12-26T17:06:57 IST" name="createOrgAndProductAddToInvoice" finished-at="2025-12-26T17:07:49 IST" duration-ms="52423" status="PASS">
          <reporter-output>
          </reporter-output>
        </test-method> <!-- createOrgAndProductAddToInvoice -->
        <test-method is-config="true" signature="afterMethod()[pri:0, instance:crm_Product_Test.All_Product_TestNG_Test@41e36e46]" started-at="2025-12-26T17:07:49 IST" name="afterMethod" finished-at="2025-12-26T17:07:52 IST" duration-ms="3156" status="PASS">
          <reporter-output>
          </reporter-output>
        </test-method> <!-- afterMethod -->
        <test-method is-config="true" signature="afterClass()[pri:0, instance:crm_Product_Test.All_Product_TestNG_Test@41e36e46]" started-at="2025-12-26T17:07:52 IST" name="afterClass" finished-at="2025-12-26T17:07:53 IST" duration-ms="456" status="PASS">
          <reporter-output>
          </reporter-output>
        </test-method> <!-- afterClass -->
        <test-method is-config="true" signature="afterSuite()[pri:0, instance:crm_Product_Test.All_Product_TestNG_Test@41e36e46]" started-at="2025-12-26T17:09:31 IST" name="afterSuite" finished-at="2025-12-26T17:09:31 IST" duration-ms="1" status="PASS">
          <reporter-output>
          </reporter-output>
        </test-method> <!-- afterSuite -->
      </class> <!-- crm_Product_Test.All_Product_TestNG_Test -->
      <class name="crm_Lead_Test.Lead_To_Contact_testNG_Test">
        <test-method is-config="true" signature="beforeClass()[pri:0, instance:crm_Lead_Test.Lead_To_Contact_testNG_Test@1cbbffcd]" started-at="2025-12-26T17:08:38 IST" name="beforeClass" finished-at="2025-12-26T17:08:39 IST" duration-ms="1222" status="PASS">
          <reporter-output>
          </reporter-output>
        </test-method> <!-- beforeClass -->
        <test-method is-config="true" signature="beforeMethod()[pri:0, instance:crm_Lead_Test.Lead_To_Contact_testNG_Test@1cbbffcd]" started-at="2025-12-26T17:08:39 IST" name="beforeMethod" finished-at="2025-12-26T17:08:41 IST" duration-ms="1857" status="PASS">
          <reporter-output>
          </reporter-output>
        </test-method> <!-- beforeMethod -->
        <test-method signature="leadConvertToContact_Test()[pri:0, instance:crm_Lead_Test.Lead_To_Contact_testNG_Test@1cbbffcd]" started-at="2025-12-26T17:08:41 IST" name="leadConvertToContact_Test" finished-at="2025-12-26T17:09:28 IST" duration-ms="47649" status="PASS">
          <reporter-output>
          </reporter-output>
        </test-method> <!-- leadConvertToContact_Test -->
        <test-method is-config="true" signature="afterMethod()[pri:0, instance:crm_Lead_Test.Lead_To_Contact_testNG_Test@1cbbffcd]" started-at="2025-12-26T17:09:28 IST" name="afterMethod" finished-at="2025-12-26T17:09:31 IST" duration-ms="2510" status="PASS">
          <reporter-output>
          </reporter-output>
        </test-method> <!-- afterMethod -->
        <test-method is-config="true" signature="afterClass()[pri:0, instance:crm_Lead_Test.Lead_To_Contact_testNG_Test@1cbbffcd]" started-at="2025-12-26T17:09:31 IST" name="afterClass" finished-at="2025-12-26T17:09:31 IST" duration-ms="381" status="PASS">
          <reporter-output>
          </reporter-output>
        </test-method> <!-- afterClass -->
      </class> <!-- crm_Lead_Test.Lead_To_Contact_testNG_Test -->
      <class name="crm_ContactTest.All_Contact_testNG_Test">
        <test-method is-config="true" signature="beforeClass()[pri:0, instance:crm_ContactTest.All_Contact_testNG_Test@31c88ec8]" started-at="2025-12-26T17:07:53 IST" name="beforeClass" finished-at="2025-12-26T17:07:54 IST" duration-ms="1211" status="PASS">
          <reporter-output>
          </reporter-output>
        </test-method> <!-- beforeClass -->
        <test-method is-config="true" signature="beforeMethod()[pri:0, instance:crm_ContactTest.All_Contact_testNG_Test@31c88ec8]" started-at="2025-12-26T17:07:54 IST" name="beforeMethod" finished-at="2025-12-26T17:08:00 IST" duration-ms="6311" status="PASS">
          <reporter-output>
          </reporter-output>
        </test-method> <!-- beforeMethod -->
        <test-method signature="contactWithOrg()[pri:0, instance:crm_ContactTest.All_Contact_testNG_Test@31c88ec8]" started-at="2025-12-26T17:08:00 IST" name="contactWithOrg" finished-at="2025-12-26T17:08:34 IST" duration-ms="33863" status="PASS">
          <reporter-output>
          </reporter-output>
        </test-method> <!-- contactWithOrg -->
        <test-method is-config="true" signature="afterMethod()[pri:0, instance:crm_ContactTest.All_Contact_testNG_Test@31c88ec8]" started-at="2025-12-26T17:08:34 IST" name="afterMethod" finished-at="2025-12-26T17:08:37 IST" duration-ms="2814" status="PASS">
          <reporter-output>
          </reporter-output>
        </test-method> <!-- afterMethod -->
        <test-method is-config="true" signature="afterClass()[pri:0, instance:crm_ContactTest.All_Contact_testNG_Test@31c88ec8]" started-at="2025-12-26T17:08:37 IST" name="afterClass" finished-at="2025-12-26T17:08:38 IST" duration-ms="494" status="PASS">
          <reporter-output>
          </reporter-output>
        </test-method> <!-- afterClass -->
      </class> <!-- crm_ContactTest.All_Contact_testNG_Test -->
    </test> <!-- Test -->
  </suite> <!-- Suite -->
</testng-results>
