<?xml version="1.0" encoding="UTF-8"?>
<testng-results ignored="1" total="3" passed="2" failed="0" skipped="0">
  <reporter-output>
  </reporter-output>
  <suite started-at="2025-12-27T11:21:56 IST" name="Suite" finished-at="2025-12-27T11:23:48 IST" duration-ms="111983">
    <groups>
      <group name="smoke">
        <method signature="All_Product_TestNG_Test.ProductToSalesOrder()[pri:0, instance:crm_Product_Test.All_Product_TestNG_Test@41e36e46]" name="ProductToSalesOrder" class="crm_Product_Test.All_Product_TestNG_Test"/>
        <method signature="All_Product_TestNG_Test.covert_product_to_Quote()[pri:0, instance:crm_Product_Test.All_Product_TestNG_Test@41e36e46]" name="covert_product_to_Quote" class="crm_Product_Test.All_Product_TestNG_Test"/>
      </group> <!-- smoke -->
    </groups>
    <test started-at="2025-12-27T11:21:56 IST" name="Test" finished-at="2025-12-27T11:23:48 IST" duration-ms="111983">
      <class name="crm_Product_Test.All_Product_TestNG_Test">
        <test-method is-config="true" signature="beforeSuite()[pri:0, instance:crm_Product_Test.All_Product_TestNG_Test@41e36e46]" started-at="2025-12-27T11:21:55 IST" name="beforeSuite" finished-at="2025-12-27T11:21:56 IST" duration-ms="1458" status="PASS">
          <reporter-output>
          </reporter-output>
        </test-method> <!-- beforeSuite -->
        <test-method is-config="true" signature="beforeClass()[pri:0, instance:crm_Product_Test.All_Product_TestNG_Test@41e36e46]" started-at="2025-12-27T11:21:56 IST" name="beforeClass" finished-at="2025-12-27T11:21:59 IST" duration-ms="2959" status="PASS">
          <reporter-output>
          </reporter-output>
        </test-method> <!-- beforeClass -->
        <test-method is-config="true" signature="beforeMethod()[pri:0, instance:crm_Product_Test.All_Product_TestNG_Test@41e36e46]" started-at="2025-12-27T11:21:59 IST" name="beforeMethod" finished-at="2025-12-27T11:22:02 IST" duration-ms="2499" status="PASS">
          <reporter-output>
          </reporter-output>
        </test-method> <!-- beforeMethod -->
        <test-method signature="ProductToSalesOrder()[pri:0, instance:crm_Product_Test.All_Product_TestNG_Test@41e36e46]" started-at="2025-12-27T11:22:02 IST" name="ProductToSalesOrder" finished-at="2025-12-27T11:22:50 IST" duration-ms="48673" status="PASS">
          <reporter-output>
          </reporter-output>
        </test-method> <!-- ProductToSalesOrder -->
        <test-method is-config="true" signature="afterMethod()[pri:0, instance:crm_Product_Test.All_Product_TestNG_Test@41e36e46]" started-at="2025-12-27T11:22:50 IST" name="afterMethod" finished-at="2025-12-27T11:22:53 IST" duration-ms="2749" status="PASS">
          <reporter-output>
          </reporter-output>
        </test-method> <!-- afterMethod -->
        <test-method is-config="true" signature="beforeMethod()[pri:0, instance:crm_Product_Test.All_Product_TestNG_Test@41e36e46]" started-at="2025-12-27T11:22:53 IST" name="beforeMethod" finished-at="2025-12-27T11:22:59 IST" duration-ms="5668" status="PASS">
          <reporter-output>
          </reporter-output>
        </test-method> <!-- beforeMethod -->
        <test-method signature="covert_product_to_Quote()[pri:0, instance:crm_Product_Test.All_Product_TestNG_Test@41e36e46]" started-at="2025-12-27T11:22:59 IST" name="covert_product_to_Quote" finished-at="2025-12-27T11:23:45 IST" duration-ms="46219" status="PASS">
          <reporter-output>
          </reporter-output>
        </test-method> <!-- covert_product_to_Quote -->
        <test-method is-config="true" signature="afterMethod()[pri:0, instance:crm_Product_Test.All_Product_TestNG_Test@41e36e46]" started-at="2025-12-27T11:23:45 IST" name="afterMethod" finished-at="2025-12-27T11:23:47 IST" duration-ms="2631" status="PASS">
          <reporter-output>
          </reporter-output>
        </test-method> <!-- afterMethod -->
        <test-method is-config="true" signature="afterClass()[pri:0, instance:crm_Product_Test.All_Product_TestNG_Test@41e36e46]" started-at="2025-12-27T11:23:47 IST" name="afterClass" finished-at="2025-12-27T11:23:48 IST" duration-ms="513" status="PASS">
          <reporter-output>
          </reporter-output>
        </test-method> <!-- afterClass -->
        <test-method is-config="true" signature="afterSuite()[pri:0, instance:crm_Product_Test.All_Product_TestNG_Test@41e36e46]" started-at="2025-12-27T11:23:48 IST" name="afterSuite" finished-at="2025-12-27T11:23:48 IST" duration-ms="1" status="PASS">
          <reporter-output>
          </reporter-output>
        </test-method> <!-- afterSuite -->
      </class> <!-- crm_Product_Test.All_Product_TestNG_Test -->
    </test> <!-- Test -->
  </suite> <!-- Suite -->
</testng-results>
