<?xml version="1.0" encoding="UTF-8"?>
<!-- Generated by org.testng.reporters.JUnitXMLReporter -->
<testsuite ignored="3" hostname="DESKTOP-TAER96M" failures="0" tests="1" name="Default test" time="35.958" errors="0" timestamp="2025-12-18T16:28:05 IST">
  <testcase classname="crm_ContactTest.All_Contact_testNG_Test" name="createContact" time="23.104"/>
  <testcase classname="crm_ContactTest.All_Contact_testNG_Test" name="createContactAndAddTroubleTicket_Test" time="0.0">
    <ignored/>
  </testcase> <!-- createContactAndAddTroubleTicket_Test -->
  <testcase classname="crm_ContactTest.All_Contact_testNG_Test" name="contactWithOrg" time="0.0">
    <ignored/>
  </testcase> <!-- contactWithOrg -->
  <testcase classname="crm_ContactTest.All_Contact_testNG_Test" name="createContactWithDate" time="0.0">
    <ignored/>
  </testcase> <!-- createContactWithDate -->
</testsuite> <!-- Default test -->
