<?xml version="1.0" encoding="UTF-8"?>
<!-- Generated by org.testng.reporters.JUnitXMLReporter -->
<testsuite ignored="2" hostname="DESKTOP-TAER96M" failures="0" tests="6" name="Test2" time="349.183" errors="0" timestamp="2025-12-04T11:58:17 IST">
  <testcase classname="crm_Product_Test.All_Product_TestNG_Test" name="ProductToSalesOrder" time="67.893"/>
  <testcase classname="crm_Product_Test.All_Product_TestNG_Test" name="covert_product_to_Quote" time="63.563"/>
  <testcase classname="crm_Product_Test.All_Product_TestNG_Test" name="createOrgAndProductAddToInvoice" time="71.514"/>
  <testcase classname="crm_OrganizationTest.All_Org_testNG_Test" name="createOrgWithIndAndType" time="35.822"/>
  <testcase classname="crm_OrganizationTest.All_Org_testNG_Test" name="createOrgWithPhoneNo" time="24.027"/>
  <testcase classname="crm_OrganizationTest.All_Org_testNG_Test" name="create_org" time="23.16"/>
  <testcase classname="crm_Generic_baseUtility.BaseClass" name="@AfterSuite afterSuite" time="0.0">
    <ignored/>
  </testcase> <!-- @AfterSuite afterSuite -->
  <testcase classname="crm_Generic_baseUtility.BaseClass" name="@BeforeSuite beforeSuite" time="0.0">
    <ignored/>
  </testcase> <!-- @BeforeSuite beforeSuite -->
</testsuite> <!-- Test2 -->
