<?xml version="1.0" encoding="UTF-8"?>
<!-- Generated by org.testng.reporters.JUnitXMLReporter -->
<testsuite ignored="1" hostname="DESKTOP-TAER96M" failures="0" tests="1" name="Test1" time="0.01" errors="0" timestamp="2025-12-16T10:54:49 IST">
  <testcase classname="helpingPackageWithPractice.AnnotationPractice" name="annoo" time="0.002"/>
  <testcase classname="helpingPackageWithPractice.AnnotationPractice" name="anno" time="0.0">
    <ignored/>
  </testcase> <!-- anno -->
</testsuite> <!-- Test1 -->
