<?xml version="1.0" encoding="UTF-8"?>
<!-- Generated by org.testng.reporters.JUnitReportReporter -->
<testsuite hostname="DESKTOP-TAER96M" failures="0" tests="2" name="crm_Product_Test.All_Product_TestNG_Test" time="108.439" errors="0" timestamp="2025-12-27T11:23:48 IST" skipped="0">
  <testcase classname="crm_Product_Test.All_Product_TestNG_Test" name="covert_product_to_Quote" time="51.349"/>
  <system-out/>
  <testcase classname="crm_Product_Test.All_Product_TestNG_Test" name="ProductToSalesOrder" time="57.090"/>
  <system-out/>
</testsuite> <!-- crm_Product_Test.All_Product_TestNG_Test -->
