<?xml version="1.0" encoding="UTF-8"?>
<testng-results ignored="3" total="4" passed="1" failed="0" skipped="0">
  <reporter-output>
  </reporter-output>
  <suite started-at="2025-12-18T16:27:29 IST" name="Default suite" finished-at="2025-12-18T16:28:05 IST" duration-ms="35958">
    <groups>
      <group name="smoke">
        <method signature="All_Contact_testNG_Test.createContact()[pri:0, instance:crm_ContactTest.All_Contact_testNG_Test@747ddf94]" name="createContact" class="crm_ContactTest.All_Contact_testNG_Test"/>
      </group> <!-- smoke -->
    </groups>
    <test started-at="2025-12-18T16:27:29 IST" name="Default test" finished-at="2025-12-18T16:28:05 IST" duration-ms="35958">
      <class name="crm_ContactTest.All_Contact_testNG_Test">
        <test-method is-config="true" signature="beforeSuite()[pri:0, instance:crm_ContactTest.All_Contact_testNG_Test@747ddf94]" started-at="2025-12-18T16:27:28 IST" name="beforeSuite" finished-at="2025-12-18T16:27:29 IST" duration-ms="1310" status="PASS">
          <reporter-output>
          </reporter-output>
        </test-method> <!-- beforeSuite -->
        <test-method is-config="true" signature="beforeClass()[pri:0, instance:crm_ContactTest.All_Contact_testNG_Test@747ddf94]" started-at="2025-12-18T16:27:29 IST" name="beforeClass" finished-at="2025-12-18T16:27:31 IST" duration-ms="2523" status="PASS">
          <reporter-output>
          </reporter-output>
        </test-method> <!-- beforeClass -->
        <test-method is-config="true" signature="beforeMethod()[pri:0, instance:crm_ContactTest.All_Contact_testNG_Test@747ddf94]" started-at="2025-12-18T16:27:31 IST" name="beforeMethod" finished-at="2025-12-18T16:27:39 IST" duration-ms="7046" status="PASS">
          <reporter-output>
          </reporter-output>
        </test-method> <!-- beforeMethod -->
        <test-method signature="createContact()[pri:0, instance:crm_ContactTest.All_Contact_testNG_Test@747ddf94]" started-at="2025-12-18T16:27:39 IST" name="createContact" finished-at="2025-12-18T16:28:02 IST" duration-ms="23104" status="PASS">
          <reporter-output>
          </reporter-output>
        </test-method> <!-- createContact -->
        <test-method is-config="true" signature="afterMethod()[pri:0, instance:crm_ContactTest.All_Contact_testNG_Test@747ddf94]" started-at="2025-12-18T16:28:02 IST" name="afterMethod" finished-at="2025-12-18T16:28:04 IST" duration-ms="2802" status="PASS">
          <reporter-output>
          </reporter-output>
        </test-method> <!-- afterMethod -->
        <test-method is-config="true" signature="afterClass()[pri:0, instance:crm_ContactTest.All_Contact_testNG_Test@747ddf94]" started-at="2025-12-18T16:28:04 IST" name="afterClass" finished-at="2025-12-18T16:28:05 IST" duration-ms="391" status="PASS">
          <reporter-output>
          </reporter-output>
        </test-method> <!-- afterClass -->
        <test-method is-config="true" signature="afterSuite()[pri:0, instance:crm_ContactTest.All_Contact_testNG_Test@747ddf94]" started-at="2025-12-18T16:28:05 IST" name="afterSuite" finished-at="2025-12-18T16:28:05 IST" duration-ms="2" status="PASS">
          <reporter-output>
          </reporter-output>
        </test-method> <!-- afterSuite -->
      </class> <!-- crm_ContactTest.All_Contact_testNG_Test -->
    </test> <!-- Default test -->
  </suite> <!-- Default suite -->
</testng-results>
